<?xml version="1.0" encoding="UTF-8" ?>
<testsuite tests="5" failures="2" name="TestSuite" time="3.429" errors="0" skipped="0">
  <properties>
[...]
</properties>
  <testcase classname="Academy.homePage" name="testingLandingpage" time="0.08"/>
  <testcase classname="Academy.homePage2" name="testingNevigationBar" time="0.082"/>
  <testcase classname="Academy.homePage" name="testvideoBanner" time="0.043"/>
  <testcase classname="Academy.BaseTest" name="testingLogindetails" time="1.575">
    <failure message="expected [true] but found [false]" type="java.lang.AssertionError">java.lang.AssertionError: expected [true] but found [false]
	at org.testng.Assert.fail(Assert.java:99)
	at org.testng.Assert.failNotEquals(Assert.java:1037)
	at org.testng.Assert.assertTrue(Assert.java:45)
	at org.testng.Assert.assertTrue(Assert.java:55)
	at Academy.BaseTest.testingLogindetails(BaseTest.java:66)
</failure>
    <system-out>Invalid email or password.
</system-out>
  </testcase>
  <testcase classname="Academy.BaseTest" name="testingLogindetails" time="1.649">
    <failure message="expected [true] but found [false]" type="java.lang.AssertionError">java.lang.AssertionError: expected [true] but found [false]
	at org.testng.Assert.fail(Assert.java:99)
	at org.testng.Assert.failNotEquals(Assert.java:1037)
	at org.testng.Assert.assertTrue(Assert.java:45)
	at org.testng.Assert.assertTrue(Assert.java:55)
	at Academy.BaseTest.testingLogindetails(BaseTest.java:66)
</failure>
    <system-out>Invalid email or password.
</system-out>
    <system-err>org.apache.commons.io.FileExistsException: File element in parameter &apos;null&apos; already exists: &apos;D:\ShashankWork\Marquee Workspace\Marquee Solutions Work\Automation\WorkspaceForEclipse\E2EProject\report\testingLogindetails.png&apos;
	at org.apache.commons.io.FileUtils.requireAbsent(FileUtils.java:2587)
	at org.apache.commons.io.FileUtils.moveFile(FileUtils.java:2305)
	at org.apache.commons.io.FileUtils.moveFile(FileUtils.java:2283)
	at Resources.Base1.getscreenshot(Base1.java:71)
	at Academy.Listeners.onTestFailure(Listeners.java:65)
	at org.testng.internal.TestListenerHelper.runTestListeners(TestListenerHelper.java:96)
	at org.testng.internal.TestInvoker.runTestResultListener(TestInvoker.java:219)
	at org.testng.internal.TestInvoker.invokeMethod(TestInvoker.java:656)
	at org.testng.internal.TestInvoker.invokeTestMethod(TestInvoker.java:173)
	at org.testng.internal.MethodRunner.runInSequence(MethodRunner.java:46)
	at org.testng.internal.TestInvoker$MethodInvocationAgent.invoke(TestInvoker.java:824)
	at org.testng.internal.TestInvoker.invokeTestMethods(TestInvoker.java:146)
	at org.testng.internal.TestMethodWorker.invokeTestMethods(TestMethodWorker.java:146)
	at org.testng.internal.TestMethodWorker.run(TestMethodWorker.java:128)
	at java.base/java.util.ArrayList.forEach(ArrayList.java:1511)
	at org.testng.TestRunner.privateRun(TestRunner.java:794)
	at org.testng.TestRunner.run(TestRunner.java:596)
	at org.testng.SuiteRunner.runTest(SuiteRunner.java:377)
	at org.testng.SuiteRunner.access$000(SuiteRunner.java:28)
	at org.testng.SuiteRunner$SuiteWorker.run(SuiteRunner.java:418)
	at org.testng.internal.thread.ThreadUtil.lambda$execute$0(ThreadUtil.java:64)
	at java.base/java.util.concurrent.FutureTask.run(FutureTask.java:264)
	at java.base/java.util.concurrent.ThreadPoolExecutor.runWorker(ThreadPoolExecutor.java:1136)
	at java.base/java.util.concurrent.ThreadPoolExecutor$Worker.run(ThreadPoolExecutor.java:635)
	at java.base/java.lang.Thread.run(Thread.java:833)
</system-err>
  </testcase>
</testsuite>