<?xml version="1.0" encoding="UTF-8"?>
<!-- Generated by org.testng.reporters.JUnitXMLReporter -->
<testsuite ignored="0" hostname="DESKTOP-UT7SPS9" failures="0" tests="6" name="Command line test" time="0.072" errors="0" timestamp="2021-09-07T19:06:00 IST">
  <testcase classname="ForPractice.MavenPractice.AppiumTest" name="Appium1" time="0.008"/>
  <testcase classname="ForPractice.MavenPractice.AppiumTest" name="Appium2" time="0.002"/>
  <testcase classname="ForPractice.MavenPractice.RestAPITest" name="RestAPITest1" time="0.001"/>
  <testcase classname="ForPractice.MavenPractice.RestAPITest" name="RestAPITest2" time="0.0"/>
  <testcase classname="ForPractice.MavenPractice.seleniumTest" name="selenium1" time="0.0"/>
  <testcase classname="ForPractice.MavenPractice.seleniumTest" name="selenium2" time="0.0"/>
</testsuite> <!-- Command line test -->
