<?xml version="1.0" encoding="UTF-8"?>
<!-- Generated by org.testng.reporters.JUnitXMLReporter -->
<testsuite ignored="0" hostname="DESKTOP-UT7SPS9" failures="0" tests="4" name="Test" time="16.77" errors="0" timestamp="2021-09-20T16:48:42 IST">
  <testcase classname="Academy.homePage" name="testingLandingpage" time="0.108"/>
  <testcase classname="Academy.homePage2" name="testingLandingpage" time="0.462"/>
  <testcase classname="Academy.BaseTest" name="testingLandingpage" time="3.992"/>
  <testcase classname="Academy.BaseTest" name="testingLandingpage" time="1.611"/>
</testsuite> <!-- Test -->
