<?xml version="1.0" encoding="UTF-8"?>
<!-- Generated by org.testng.reporters.JUnitXMLReporter -->
<testsuite hostname="PUNECPU270" ignored="0" name="testGuru" tests="3" failures="0" timestamp="2019-12-18T13:46:16 IST" time="19.742" errors="0">
  <testcase name="executSessionThree" time="16.171" classname="com.group.guru99.TC_Class1.TestGuru99MultipleSession"/>
  <testcase name="executSessionOne" time="17.753" classname="com.group.guru99.TC_Class1.TestGuru99MultipleSession"/>
  <testcase name="executeSessionTwo" time="19.697" classname="com.group.guru99.TC_Class1.TestGuru99MultipleSession"/>
</testsuite> <!-- testGuru -->
