<?xml version="1.0" encoding="UTF-8"?>
<testng-results ignored="49" total="50" passed="0" failed="1" skipped="0">
  <reporter-output>
  </reporter-output>
  <suite started-at="2023-04-09T15:28:18 IST" name="Default suite" finished-at="2023-04-09T15:28:53 IST" duration-ms="34610">
    <groups>
    </groups>
    <test started-at="2023-04-09T15:28:18 IST" name="Default test" finished-at="2023-04-09T15:28:53 IST" duration-ms="34610">
      <class name="WebApp.BillGenrator.BillGen2022">
        <test-method is-config="true" signature="beforeeverymethodinsameclass()[pri:0, instance:WebApp.BillGenrator.BillGen2022@43f02ef2]" started-at="2023-04-09T15:28:18 IST" name="beforeeverymethodinsameclass" finished-at="2023-04-09T15:28:44 IST" duration-ms="25285" status="PASS">
          <reporter-output>
          </reporter-output>
        </test-method> <!-- beforeeverymethodinsameclass -->
        <test-method is-config="true" signature="beforeEveryMethods()[pri:0, instance:WebApp.BillGenrator.BillGen2022@43f02ef2]" started-at="2023-04-09T15:28:44 IST" name="beforeEveryMethods" finished-at="2023-04-09T15:28:46 IST" duration-ms="2482" status="PASS">
          <reporter-output>
          </reporter-output>
        </test-method> <!-- beforeEveryMethods -->
        <test-method signature="verifyForgotPasswordFunctionality()[pri:49, instance:WebApp.BillGenrator.BillGen2022@43f02ef2]" started-at="2023-04-09T15:28:46 IST" name="verifyForgotPasswordFunctionality" description="49 Verify the forgot password functionality with valid input" finished-at="2023-04-09T15:28:53 IST" duration-ms="6771" status="FAIL">
          <exception class="java.lang.ExceptionInInitializerError">
            <full-stacktrace>
              <![CDATA[java.lang.ExceptionInInitializerError
at com.google.api.services.gmail.Gmail$Builder.build(Gmail.java:11221)
at GmailCall.GMail.getService(GMail.java:108)
at GmailCall.GMail.getGmailData(GMail.java:159)
at GmailCall.GMail.getMailData(GMail.java:275)
at WebApp.BillGenrator.BillGen2022.verifyForgotPasswordFunctionality(BillGen2022.java:7163)
at java.base/jdk.internal.reflect.NativeMethodAccessorImpl.invoke0(Native Method)
at java.base/jdk.internal.reflect.NativeMethodAccessorImpl.invoke(NativeMethodAccessorImpl.java:77)
at java.base/jdk.internal.reflect.DelegatingMethodAccessorImpl.invoke(DelegatingMethodAccessorImpl.java:43)
at java.base/java.lang.reflect.Method.invoke(Method.java:568)
at org.testng.internal.MethodInvocationHelper.invokeMethod(MethodInvocationHelper.java:133)
at org.testng.internal.TestInvoker.invokeMethod(TestInvoker.java:598)
at org.testng.internal.TestInvoker.invokeTestMethod(TestInvoker.java:173)
at org.testng.internal.MethodRunner.runInSequence(MethodRunner.java:46)
at org.testng.internal.TestInvoker$MethodInvocationAgent.invoke(TestInvoker.java:824)
at org.testng.internal.TestInvoker.invokeTestMethods(TestInvoker.java:146)
at org.testng.internal.TestMethodWorker.invokeTestMethods(TestMethodWorker.java:146)
at org.testng.internal.TestMethodWorker.run(TestMethodWorker.java:128)
at java.base/java.util.ArrayList.forEach(ArrayList.java:1511)
at org.testng.TestRunner.privateRun(TestRunner.java:794)
at org.testng.TestRunner.run(TestRunner.java:596)
at org.testng.SuiteRunner.runTest(SuiteRunner.java:377)
at org.testng.SuiteRunner.runSequentially(SuiteRunner.java:371)
at org.testng.SuiteRunner.privateRun(SuiteRunner.java:332)
at org.testng.SuiteRunner.run(SuiteRunner.java:276)
at org.testng.SuiteRunnerWorker.runSuite(SuiteRunnerWorker.java:53)
at org.testng.SuiteRunnerWorker.run(SuiteRunnerWorker.java:96)
at org.testng.TestNG.runSuitesSequentially(TestNG.java:1212)
at org.testng.TestNG.runSuitesLocally(TestNG.java:1134)
at org.testng.TestNG.runSuites(TestNG.java:1063)
at org.testng.TestNG.run(TestNG.java:1031)
at org.testng.remote.AbstractRemoteTestNG.run(AbstractRemoteTestNG.java:115)
at org.testng.remote.RemoteTestNG.initAndRun(RemoteTestNG.java:251)
at org.testng.remote.RemoteTestNG.main(RemoteTestNG.java:77)
Caused by: java.lang.IllegalStateException: You are currently running with version 2.0.0 of google-api-client. You need at least version 1.31.1 of google-api-client to run version 1.32.1 of the Gmail API library.
at com.google.common.base.Preconditions.checkState(Preconditions.java:534)
at com.google.api.client.util.Preconditions.checkState(Preconditions.java:113)
at com.google.api.services.gmail.Gmail.<clinit>(Gmail.java:44)
... 33 more
]]>
            </full-stacktrace>
          </exception> <!-- java.lang.ExceptionInInitializerError -->
          <reporter-output>
          </reporter-output>
        </test-method> <!-- verifyForgotPasswordFunctionality -->
        <test-method is-config="true" signature="afterAllMehtodsOfSameClass()[pri:0, instance:WebApp.BillGenrator.BillGen2022@43f02ef2]" started-at="2023-04-09T15:28:53 IST" name="afterAllMehtodsOfSameClass" finished-at="2023-04-09T15:28:53 IST" duration-ms="10" status="PASS">
          <reporter-output>
          </reporter-output>
        </test-method> <!-- afterAllMehtodsOfSameClass -->
      </class> <!-- WebApp.BillGenrator.BillGen2022 -->
    </test> <!-- Default test -->
  </suite> <!-- Default suite -->
</testng-results>
