<?xml version="1.0" encoding="UTF-8"?>
<testng-results ignored="49" total="59" passed="10" failed="0" skipped="0">
  <reporter-output>
  </reporter-output>
  <suite started-at="2023-04-18T22:56:18 IST" name="Default suite" finished-at="2023-04-18T22:57:49 IST" duration-ms="90677">
    <groups>
    </groups>
    <test started-at="2023-04-18T22:56:18 IST" name="Default test" finished-at="2023-04-18T22:57:49 IST" duration-ms="90677">
      <class name="WebApp.BillGenrator.BillGen2022">
        <test-method is-config="true" signature="beforeeverymethodinsameclass()[pri:0, instance:WebApp.BillGenrator.BillGen2022@43f02ef2]" started-at="2023-04-18T22:56:18 IST" name="beforeeverymethodinsameclass" finished-at="2023-04-18T22:56:29 IST" duration-ms="10782" status="PASS">
          <reporter-output>
          </reporter-output>
        </test-method> <!-- beforeeverymethodinsameclass -->
        <test-method is-config="true" signature="beforeEveryMethods()[pri:0, instance:WebApp.BillGenrator.BillGen2022@43f02ef2]" started-at="2023-04-18T22:56:29 IST" name="beforeEveryMethods" finished-at="2023-04-18T22:56:31 IST" duration-ms="2138" status="PASS">
          <reporter-output>
          </reporter-output>
        </test-method> <!-- beforeEveryMethods -->
        <test-method signature="verifyLoginFunctionalityWithInvalidCred(java.lang.String,java.lang.String)[pri:45, instance:WebApp.BillGenrator.BillGen2022@43f02ef2]" started-at="2023-04-18T22:56:31 IST" name="verifyLoginFunctionalityWithInvalidCred" description="45 Verify validation of the login module on providing invalid inputs for the login" data-provider="testLogindata" finished-at="2023-04-18T22:56:38 IST" duration-ms="6600" status="PASS">
          <params>
            <param index="0">
              <value>
                <![CDATA[]]>
              </value>
            </param>
            <param index="1">
              <value>
                <![CDATA[]]>
              </value>
            </param>
          </params>
          <reporter-output>
          </reporter-output>
        </test-method> <!-- verifyLoginFunctionalityWithInvalidCred -->
        <test-method is-config="true" signature="beforeEveryMethods()[pri:0, instance:WebApp.BillGenrator.BillGen2022@43f02ef2]" started-at="2023-04-18T22:56:38 IST" name="beforeEveryMethods" finished-at="2023-04-18T22:56:40 IST" duration-ms="2067" status="PASS">
          <reporter-output>
          </reporter-output>
        </test-method> <!-- beforeEveryMethods -->
        <test-method signature="verifyLoginFunctionalityWithInvalidCred(java.lang.String,java.lang.String)[pri:45, instance:WebApp.BillGenrator.BillGen2022@43f02ef2]" started-at="2023-04-18T22:56:40 IST" name="verifyLoginFunctionalityWithInvalidCred" description="45 Verify validation of the login module on providing invalid inputs for the login" data-provider="testLogindata" finished-at="2023-04-18T22:56:45 IST" duration-ms="5512" status="PASS">
          <params>
            <param index="0">
              <value>
                <![CDATA[username2gmail.com]]>
              </value>
            </param>
            <param index="1">
              <value>
                <![CDATA[12345]]>
              </value>
            </param>
          </params>
          <reporter-output>
          </reporter-output>
        </test-method> <!-- verifyLoginFunctionalityWithInvalidCred -->
        <test-method is-config="true" signature="beforeEveryMethods()[pri:0, instance:WebApp.BillGenrator.BillGen2022@43f02ef2]" started-at="2023-04-18T22:56:45 IST" name="beforeEveryMethods" finished-at="2023-04-18T22:56:47 IST" duration-ms="1809" status="PASS">
          <reporter-output>
          </reporter-output>
        </test-method> <!-- beforeEveryMethods -->
        <test-method signature="verifyLoginFunctionalityWithInvalidCred(java.lang.String,java.lang.String)[pri:45, instance:WebApp.BillGenrator.BillGen2022@43f02ef2]" started-at="2023-04-18T22:56:47 IST" name="verifyLoginFunctionalityWithInvalidCred" description="45 Verify validation of the login module on providing invalid inputs for the login" data-provider="testLogindata" finished-at="2023-04-18T22:56:53 IST" duration-ms="5607" status="PASS">
          <params>
            <param index="0">
              <value>
                <![CDATA[username1@gmailcom]]>
              </value>
            </param>
            <param index="1">
              <value>
                <![CDATA[123]]>
              </value>
            </param>
          </params>
          <reporter-output>
          </reporter-output>
        </test-method> <!-- verifyLoginFunctionalityWithInvalidCred -->
        <test-method is-config="true" signature="beforeEveryMethods()[pri:0, instance:WebApp.BillGenrator.BillGen2022@43f02ef2]" started-at="2023-04-18T22:56:53 IST" name="beforeEveryMethods" finished-at="2023-04-18T22:56:55 IST" duration-ms="2206" status="PASS">
          <reporter-output>
          </reporter-output>
        </test-method> <!-- beforeEveryMethods -->
        <test-method signature="verifyLoginFunctionalityWithInvalidCred(java.lang.String,java.lang.String)[pri:45, instance:WebApp.BillGenrator.BillGen2022@43f02ef2]" started-at="2023-04-18T22:56:55 IST" name="verifyLoginFunctionalityWithInvalidCred" description="45 Verify validation of the login module on providing invalid inputs for the login" data-provider="testLogindata" finished-at="2023-04-18T22:57:01 IST" duration-ms="5818" status="PASS">
          <params>
            <param index="0">
              <value>
                <![CDATA[username1@@gmailcom]]>
              </value>
            </param>
            <param index="1">
              <value>
                <![CDATA[123]]>
              </value>
            </param>
          </params>
          <reporter-output>
          </reporter-output>
        </test-method> <!-- verifyLoginFunctionalityWithInvalidCred -->
        <test-method is-config="true" signature="beforeEveryMethods()[pri:0, instance:WebApp.BillGenrator.BillGen2022@43f02ef2]" started-at="2023-04-18T22:57:01 IST" name="beforeEveryMethods" finished-at="2023-04-18T22:57:03 IST" duration-ms="1994" status="PASS">
          <reporter-output>
          </reporter-output>
        </test-method> <!-- beforeEveryMethods -->
        <test-method signature="verifyLoginFunctionalityWithInvalidCred(java.lang.String,java.lang.String)[pri:45, instance:WebApp.BillGenrator.BillGen2022@43f02ef2]" started-at="2023-04-18T22:57:03 IST" name="verifyLoginFunctionalityWithInvalidCred" description="45 Verify validation of the login module on providing invalid inputs for the login" data-provider="testLogindata" finished-at="2023-04-18T22:57:09 IST" duration-ms="6022" status="PASS">
          <params>
            <param index="0">
              <value>
                <![CDATA[@test.com]]>
              </value>
            </param>
            <param index="1">
              <value>
                <![CDATA[1234]]>
              </value>
            </param>
          </params>
          <reporter-output>
          </reporter-output>
        </test-method> <!-- verifyLoginFunctionalityWithInvalidCred -->
        <test-method is-config="true" signature="beforeEveryMethods()[pri:0, instance:WebApp.BillGenrator.BillGen2022@43f02ef2]" started-at="2023-04-18T22:57:09 IST" name="beforeEveryMethods" finished-at="2023-04-18T22:57:10 IST" duration-ms="1824" status="PASS">
          <reporter-output>
          </reporter-output>
        </test-method> <!-- beforeEveryMethods -->
        <test-method signature="verifyLoginFunctionalityWithInvalidCred(java.lang.String,java.lang.String)[pri:45, instance:WebApp.BillGenrator.BillGen2022@43f02ef2]" started-at="2023-04-18T22:57:10 IST" name="verifyLoginFunctionalityWithInvalidCred" description="45 Verify validation of the login module on providing invalid inputs for the login" data-provider="testLogindata" finished-at="2023-04-18T22:57:17 IST" duration-ms="6207" status="PASS">
          <params>
            <param index="0">
              <value>
                <![CDATA[tester.marqueetest@gmail.com]]>
              </value>
            </param>
            <param index="1">
              <value>
                <![CDATA[Marquee123456]]>
              </value>
            </param>
          </params>
          <reporter-output>
          </reporter-output>
        </test-method> <!-- verifyLoginFunctionalityWithInvalidCred -->
        <test-method is-config="true" signature="beforeEveryMethods()[pri:0, instance:WebApp.BillGenrator.BillGen2022@43f02ef2]" started-at="2023-04-18T22:57:17 IST" name="beforeEveryMethods" finished-at="2023-04-18T22:57:19 IST" duration-ms="1895" status="PASS">
          <reporter-output>
          </reporter-output>
        </test-method> <!-- beforeEveryMethods -->
        <test-method signature="verifyLoginFunctionalityWithInvalidCred(java.lang.String,java.lang.String)[pri:45, instance:WebApp.BillGenrator.BillGen2022@43f02ef2]" started-at="2023-04-18T22:57:19 IST" name="verifyLoginFunctionalityWithInvalidCred" description="45 Verify validation of the login module on providing invalid inputs for the login" data-provider="testLogindata" finished-at="2023-04-18T22:57:24 IST" duration-ms="5782" status="PASS">
          <params>
            <param index="0">
              <value>
                <![CDATA[test@com.]]>
              </value>
            </param>
            <param index="1">
              <value>
                <![CDATA[123]]>
              </value>
            </param>
          </params>
          <reporter-output>
          </reporter-output>
        </test-method> <!-- verifyLoginFunctionalityWithInvalidCred -->
        <test-method is-config="true" signature="beforeEveryMethods()[pri:0, instance:WebApp.BillGenrator.BillGen2022@43f02ef2]" started-at="2023-04-18T22:57:24 IST" name="beforeEveryMethods" finished-at="2023-04-18T22:57:26 IST" duration-ms="2112" status="PASS">
          <reporter-output>
          </reporter-output>
        </test-method> <!-- beforeEveryMethods -->
        <test-method signature="verifyLoginFunctionalityWithInvalidCred(java.lang.String,java.lang.String)[pri:45, instance:WebApp.BillGenrator.BillGen2022@43f02ef2]" started-at="2023-04-18T22:57:26 IST" name="verifyLoginFunctionalityWithInvalidCred" description="45 Verify validation of the login module on providing invalid inputs for the login" data-provider="testLogindata" finished-at="2023-04-18T22:57:33 IST" duration-ms="6321" status="PASS">
          <params>
            <param index="0">
              <value>
                <![CDATA[shashank.marquee@gmail.com]]>
              </value>
            </param>
            <param index="1">
              <value>
                <![CDATA[123]]>
              </value>
            </param>
          </params>
          <reporter-output>
          </reporter-output>
        </test-method> <!-- verifyLoginFunctionalityWithInvalidCred -->
        <test-method is-config="true" signature="beforeEveryMethods()[pri:0, instance:WebApp.BillGenrator.BillGen2022@43f02ef2]" started-at="2023-04-18T22:57:33 IST" name="beforeEveryMethods" finished-at="2023-04-18T22:57:35 IST" duration-ms="1983" status="PASS">
          <reporter-output>
          </reporter-output>
        </test-method> <!-- beforeEveryMethods -->
        <test-method signature="verifyLoginFunctionalityWithInvalidCred(java.lang.String,java.lang.String)[pri:45, instance:WebApp.BillGenrator.BillGen2022@43f02ef2]" started-at="2023-04-18T22:57:35 IST" name="verifyLoginFunctionalityWithInvalidCred" description="45 Verify validation of the login module on providing invalid inputs for the login" data-provider="testLogindata" finished-at="2023-04-18T22:57:41 IST" duration-ms="6210" status="PASS">
          <params>
            <param index="0">
              <value>
                <![CDATA[tes t@t.com]]>
              </value>
            </param>
            <param index="1">
              <value>
                <![CDATA[12345 6]]>
              </value>
            </param>
          </params>
          <reporter-output>
          </reporter-output>
        </test-method> <!-- verifyLoginFunctionalityWithInvalidCred -->
        <test-method is-config="true" signature="beforeEveryMethods()[pri:0, instance:WebApp.BillGenrator.BillGen2022@43f02ef2]" started-at="2023-04-18T22:57:41 IST" name="beforeEveryMethods" finished-at="2023-04-18T22:57:43 IST" duration-ms="1786" status="PASS">
          <reporter-output>
          </reporter-output>
        </test-method> <!-- beforeEveryMethods -->
        <test-method signature="verifyLoginFunctionalityWithInvalidCred(java.lang.String,java.lang.String)[pri:45, instance:WebApp.BillGenrator.BillGen2022@43f02ef2]" started-at="2023-04-18T22:57:43 IST" name="verifyLoginFunctionalityWithInvalidCred" description="45 Verify validation of the login module on providing invalid inputs for the login" data-provider="testLogindata" finished-at="2023-04-18T22:57:49 IST" duration-ms="5902" status="PASS">
          <params>
            <param index="0">
              <value>
                <![CDATA[ ]]>
              </value>
            </param>
            <param index="1">
              <value>
                <![CDATA[ ]]>
              </value>
            </param>
          </params>
          <reporter-output>
          </reporter-output>
        </test-method> <!-- verifyLoginFunctionalityWithInvalidCred -->
        <test-method is-config="true" signature="afterAllMehtodsOfSameClass()[pri:0, instance:WebApp.BillGenrator.BillGen2022@43f02ef2]" started-at="2023-04-18T22:57:49 IST" name="afterAllMehtodsOfSameClass" finished-at="2023-04-18T22:57:49 IST" duration-ms="0" status="PASS">
          <reporter-output>
          </reporter-output>
        </test-method> <!-- afterAllMehtodsOfSameClass -->
      </class> <!-- WebApp.BillGenrator.BillGen2022 -->
    </test> <!-- Default test -->
  </suite> <!-- Default suite -->
</testng-results>
