<?xml version="1.0" encoding="UTF-8"?>
<!-- Generated by org.testng.reporters.JUnitXMLReporter -->
<testsuite ignored="0" hostname="ShashankLapi" failures="1" tests="5" name="Test" time="0.178" errors="0" timestamp="2021-06-17T22:24:42 IST">
  <testcase classname="Package1.TestNG1" name="apimobilelogin" time="0.03">
    <failure type="java.lang.AssertionError" message="expected [true] but found [false]">
      <![CDATA[java.lang.AssertionError: expected [true] but found [false]
at Package1.TestNG1.apimobilelogin(TestNG1.java:21)
at java.base/java.util.ArrayList.forEach(ArrayList.java:1511)
... Removed 31 stack frames]]>
    </failure>
  </testcase> <!-- apimobilelogin -->
  <testcase classname="Package1.TestNG1" name="test1" time="0.001"/>
  <testcase classname="Package1.TestNG1" name="test2" time="0.001"/>
  <testcase classname="Package1.TestNG2" name="test1" time="0.001"/>
  <testcase classname="Package1.TestNG2" name="test2" time="0.001"/>
</testsuite> <!-- Test -->
