<?xml version="1.0" encoding="UTF-8"?>
<!-- Generated by org.testng.reporters.JUnitXMLReporter -->
<testsuite hostname="PUNECPU270" ignored="5" tests="0" failures="0" timestamp="2019-12-18T13:43:36 IST" time="0.012" errors="0">
  <testcase name="a_method" time="0.0" classname="com.group.guru99.TC_Class1.TestNG_Priority_Annotations">
    <ignored/>
  </testcase> <!-- a_method -->
  <testcase name="b_method" time="0.0" classname="com.group.guru99.TC_Class1.TestNG_Priority_Annotations">
    <ignored/>
  </testcase> <!-- b_method -->
  <testcase name="c_method" time="0.0" classname="com.group.guru99.TC_Class1.TestNG_Priority_Annotations">
    <ignored/>
  </testcase> <!-- c_method -->
  <testcase name="e_method" time="0.0" classname="com.group.guru99.TC_Class1.TestNG_Priority_Annotations">
    <ignored/>
  </testcase> <!-- e_method -->
  <testcase name="d_method" time="0.0" classname="com.group.guru99.TC_Class1.TestNG_Priority_Annotations">
    <ignored/>
  </testcase> <!-- d_method -->
</testsuite>
